([1, 2, 3], 1, {'a': 1})
([1, 2, 3], 1, {'a': 1})
('123',)
('123',),('123',),{}
('123',),{}
{'self': <__main__.log object at 0x0000012E147BF280>, 'args': ('123',), 'kwargs': {}}
{'self': <__main__.log object at 0x0000012E13469E10>, 'args': ('123',), 'kwargs': {}}
{'self': <__main__.log object at 0x0000012E135C5A50>, 'args': (('123', 1, 2, 3, {'a': 1}),), 'kwargs': {}}
(('123', 1, 2, 3, {'a': 1}),) {}
('123', 1, 2, 3, {'a': 1}) {}
([1, 2, 3], 1, {'a': 1})
('123', 1, 2, 3, {'a': 1}) {}
('123', 1, 2, 3, {'a': 1}) {'k': 1}
123 1 2 3 {'a': 1}
('123', 1, 2, 3, {'a': 1})
1 2 3
1 2 3
1 2 3
([1, 2, 3], 1, {'a': 1})
1 2 3 {'a': 2}
(1, 2, 3, {'a': 2})
(1, 2, 3, {'a': 2})
(1, 2, 3, {'a': 2})
(1, 2, 3, {'a': 2})
